0 info it worked if it ends with ok
1 verbose cli [ '/usr/bin/nodejs', '/usr/bin/npm', 'update' ]
2 info using npm@3.5.2
3 info using node@v4.2.6
4 silly mapToRegistry name browser-sync
5 silly mapToRegistry using default registry
6 silly mapToRegistry registry https://registry.npmjs.org/
7 silly mapToRegistry uri https://registry.npmjs.org/browser-sync
8 silly mapToRegistry name gulp
9 silly mapToRegistry using default registry
10 silly mapToRegistry registry https://registry.npmjs.org/
11 silly mapToRegistry uri https://registry.npmjs.org/gulp
12 silly mapToRegistry name gulp-autoprefixer
13 silly mapToRegistry using default registry
14 silly mapToRegistry registry https://registry.npmjs.org/
15 silly mapToRegistry uri https://registry.npmjs.org/gulp-autoprefixer
16 silly mapToRegistry name gulp-sass
17 silly mapToRegistry using default registry
18 silly mapToRegistry registry https://registry.npmjs.org/
19 silly mapToRegistry uri https://registry.npmjs.org/gulp-sass
20 silly mapToRegistry name gulp-sass
21 silly mapToRegistry using default registry
22 silly mapToRegistry registry https://registry.npmjs.org/
23 silly mapToRegistry uri https://registry.npmjs.org/gulp-sass
24 verbose request uri https://registry.npmjs.org/gulp
25 verbose request no auth needed
26 info attempt registry request try #1 at 8:20:32 PM
27 verbose request id 145dcd6d40e11939
28 verbose etag W/"59e7059e-1d88d"
29 verbose lastModified Wed, 18 Oct 2017 07:41:18 GMT
30 http request GET https://registry.npmjs.org/gulp
31 verbose request uri https://registry.npmjs.org/gulp-autoprefixer
32 verbose request no auth needed
33 info attempt registry request try #1 at 8:20:32 PM
34 verbose etag W/"59ecb00f-9429"
35 verbose lastModified Sun, 22 Oct 2017 14:49:51 GMT
36 http request GET https://registry.npmjs.org/gulp-autoprefixer
37 verbose request uri https://registry.npmjs.org/gulp-sass
38 verbose request no auth needed
39 info attempt registry request try #1 at 8:20:32 PM
40 verbose etag W/"59ec7b59-eacc"
41 verbose lastModified Sun, 22 Oct 2017 11:04:57 GMT
42 http request GET https://registry.npmjs.org/gulp-sass
43 verbose request uri https://registry.npmjs.org/gulp-sass
44 verbose request no auth needed
45 info attempt registry request try #1 at 8:20:32 PM
46 verbose etag W/"59ec7b59-eacc"
47 verbose lastModified Sun, 22 Oct 2017 11:04:57 GMT
48 http request GET https://registry.npmjs.org/gulp-sass
49 verbose request uri https://registry.npmjs.org/browser-sync
50 verbose request no auth needed
51 info attempt registry request try #1 at 8:20:32 PM
52 verbose etag W/"59e9bec7-86129"
53 verbose lastModified Fri, 20 Oct 2017 09:15:51 GMT
54 http request GET https://registry.npmjs.org/browser-sync
55 http 304 https://registry.npmjs.org/gulp
56 verbose headers { date: 'Mon, 23 Oct 2017 03:20:32 GMT',
56 verbose headers   via: '1.1 varnish',
56 verbose headers   'cache-control': 'max-age=300',
56 verbose headers   etag: 'W/"59e7059e-1d88d"',
56 verbose headers   age: '75',
56 verbose headers   connection: 'keep-alive',
56 verbose headers   'x-served-by': 'cache-lax8627-LAX',
56 verbose headers   'x-cache': 'HIT',
56 verbose headers   'x-cache-hits': '2',
56 verbose headers   'x-timer': 'S1508728833.612583,VS0,VE0',
56 verbose headers   vary: 'Accept-Encoding, Accept' }
57 silly get cb [ 304,
57 silly get   { date: 'Mon, 23 Oct 2017 03:20:32 GMT',
57 silly get     via: '1.1 varnish',
57 silly get     'cache-control': 'max-age=300',
57 silly get     etag: 'W/"59e7059e-1d88d"',
57 silly get     age: '75',
57 silly get     connection: 'keep-alive',
57 silly get     'x-served-by': 'cache-lax8627-LAX',
57 silly get     'x-cache': 'HIT',
57 silly get     'x-cache-hits': '2',
57 silly get     'x-timer': 'S1508728833.612583,VS0,VE0',
57 silly get     vary: 'Accept-Encoding, Accept' } ]
58 verbose etag https://registry.npmjs.org/gulp from cache
59 verbose get saving gulp to /home/epitaph64/.npm/registry.npmjs.org/gulp/.cache.json
60 http 200 https://registry.npmjs.org/browser-sync
61 verbose headers { server: 'nginx/1.10.3',
61 verbose headers   'content-type': 'application/json',
61 verbose headers   'last-modified': 'Sun, 22 Oct 2017 18:39:39 GMT',
61 verbose headers   etag: 'W/"59ece5eb-86137"',
61 verbose headers   'content-encoding': 'gzip',
61 verbose headers   'cache-control': 'max-age=300',
61 verbose headers   'content-length': '30475',
61 verbose headers   'accept-ranges': 'bytes',
61 verbose headers   date: 'Mon, 23 Oct 2017 03:20:32 GMT',
61 verbose headers   via: '1.1 varnish',
61 verbose headers   age: '248',
61 verbose headers   connection: 'keep-alive',
61 verbose headers   'x-served-by': 'cache-lax8642-LAX',
61 verbose headers   'x-cache': 'HIT',
61 verbose headers   'x-cache-hits': '1',
61 verbose headers   'x-timer': 'S1508728833.629670,VS0,VE1',
61 verbose headers   vary: 'Accept-Encoding, Accept' }
62 silly get cb [ 200,
62 silly get   { server: 'nginx/1.10.3',
62 silly get     'content-type': 'application/json',
62 silly get     'last-modified': 'Sun, 22 Oct 2017 18:39:39 GMT',
62 silly get     etag: 'W/"59ece5eb-86137"',
62 silly get     'content-encoding': 'gzip',
62 silly get     'cache-control': 'max-age=300',
62 silly get     'content-length': '30475',
62 silly get     'accept-ranges': 'bytes',
62 silly get     date: 'Mon, 23 Oct 2017 03:20:32 GMT',
62 silly get     via: '1.1 varnish',
62 silly get     age: '248',
62 silly get     connection: 'keep-alive',
62 silly get     'x-served-by': 'cache-lax8642-LAX',
62 silly get     'x-cache': 'HIT',
62 silly get     'x-cache-hits': '1',
62 silly get     'x-timer': 'S1508728833.629670,VS0,VE1',
62 silly get     vary: 'Accept-Encoding, Accept' } ]
63 verbose get saving browser-sync to /home/epitaph64/.npm/registry.npmjs.org/browser-sync/.cache.json
64 http 304 https://registry.npmjs.org/gulp-sass
65 verbose headers { date: 'Mon, 23 Oct 2017 03:20:32 GMT',
65 verbose headers   via: '1.1 varnish',
65 verbose headers   'cache-control': 'max-age=300',
65 verbose headers   etag: 'W/"59ec7b59-eacc"',
65 verbose headers   age: '0',
65 verbose headers   connection: 'keep-alive',
65 verbose headers   'x-served-by': 'cache-lax8637-LAX',
65 verbose headers   'x-cache': 'HIT',
65 verbose headers   'x-cache-hits': '1',
65 verbose headers   'x-timer': 'S1508728833.617021,VS0,VE156',
65 verbose headers   vary: 'Accept-Encoding, Accept' }
66 silly get cb [ 304,
66 silly get   { date: 'Mon, 23 Oct 2017 03:20:32 GMT',
66 silly get     via: '1.1 varnish',
66 silly get     'cache-control': 'max-age=300',
66 silly get     etag: 'W/"59ec7b59-eacc"',
66 silly get     age: '0',
66 silly get     connection: 'keep-alive',
66 silly get     'x-served-by': 'cache-lax8637-LAX',
66 silly get     'x-cache': 'HIT',
66 silly get     'x-cache-hits': '1',
66 silly get     'x-timer': 'S1508728833.617021,VS0,VE156',
66 silly get     vary: 'Accept-Encoding, Accept' } ]
67 verbose etag https://registry.npmjs.org/gulp-sass from cache
68 verbose get saving gulp-sass to /home/epitaph64/.npm/registry.npmjs.org/gulp-sass/.cache.json
69 http 304 https://registry.npmjs.org/gulp-sass
70 verbose headers { date: 'Mon, 23 Oct 2017 03:20:32 GMT',
70 verbose headers   via: '1.1 varnish',
70 verbose headers   'cache-control': 'max-age=300',
70 verbose headers   etag: 'W/"59ec7b59-eacc"',
70 verbose headers   age: '0',
70 verbose headers   connection: 'keep-alive',
70 verbose headers   'x-served-by': 'cache-lax8623-LAX',
70 verbose headers   'x-cache': 'HIT',
70 verbose headers   'x-cache-hits': '1',
70 verbose headers   'x-timer': 'S1508728833.612594,VS0,VE161',
70 verbose headers   vary: 'Accept-Encoding, Accept' }
71 silly get cb [ 304,
71 silly get   { date: 'Mon, 23 Oct 2017 03:20:32 GMT',
71 silly get     via: '1.1 varnish',
71 silly get     'cache-control': 'max-age=300',
71 silly get     etag: 'W/"59ec7b59-eacc"',
71 silly get     age: '0',
71 silly get     connection: 'keep-alive',
71 silly get     'x-served-by': 'cache-lax8623-LAX',
71 silly get     'x-cache': 'HIT',
71 silly get     'x-cache-hits': '1',
71 silly get     'x-timer': 'S1508728833.612594,VS0,VE161',
71 silly get     vary: 'Accept-Encoding, Accept' } ]
72 verbose etag https://registry.npmjs.org/gulp-sass from cache
73 verbose get saving gulp-sass to /home/epitaph64/.npm/registry.npmjs.org/gulp-sass/.cache.json
74 silly cache add args [ 'gulp-sass', '^1.3.7' ]
75 verbose cache add spec gulp-sass@^1.3.7
76 silly cache add parsed spec Result {
76 silly cache add   raw: 'gulp-sass@^1.3.7',
76 silly cache add   scope: null,
76 silly cache add   name: 'gulp-sass',
76 silly cache add   rawSpec: '^1.3.7',
76 silly cache add   spec: '>=1.3.7 <2.0.0',
76 silly cache add   type: 'range' }
77 silly addNamed gulp-sass@>=1.3.7 <2.0.0
78 verbose addNamed ">=1.3.7 <2.0.0" is a valid semver range for gulp-sass
79 silly addNameRange { name: 'gulp-sass', range: '>=1.3.7 <2.0.0', hasData: false }
80 silly mapToRegistry name gulp-sass
81 silly mapToRegistry using default registry
82 silly mapToRegistry registry https://registry.npmjs.org/
83 silly mapToRegistry uri https://registry.npmjs.org/gulp-sass
84 verbose addNameRange registry:https://registry.npmjs.org/gulp-sass not in flight; fetching
85 verbose get https://registry.npmjs.org/gulp-sass not expired, no request
86 silly addNameRange number 2 { name: 'gulp-sass', range: '>=1.3.7 <2.0.0', hasData: true }
87 silly addNameRange versions [ 'gulp-sass',
87 silly addNameRange   [ '0.1.0',
87 silly addNameRange     '0.2.1',
87 silly addNameRange     '0.2.2',
87 silly addNameRange     '0.2.3',
87 silly addNameRange     '0.3.0',
87 silly addNameRange     '0.4.0',
87 silly addNameRange     '0.4.1',
87 silly addNameRange     '0.5.0',
87 silly addNameRange     '0.5.1',
87 silly addNameRange     '0.5.2',
87 silly addNameRange     '0.6.0',
87 silly addNameRange     '0.7.0',
87 silly addNameRange     '0.7.1',
87 silly addNameRange     '0.7.2',
87 silly addNameRange     '0.7.3',
87 silly addNameRange     '1.0.0',
87 silly addNameRange     '1.1.0',
87 silly addNameRange     '1.2.0',
87 silly addNameRange     '1.2.1',
87 silly addNameRange     '1.2.2',
87 silly addNameRange     '1.2.3',
87 silly addNameRange     '1.2.4',
87 silly addNameRange     '1.3.0',
87 silly addNameRange     '1.3.1',
87 silly addNameRange     '1.3.2',
87 silly addNameRange     '1.3.3',
87 silly addNameRange     '2.0.0-alpha.1',
87 silly addNameRange     '2.0.0',
87 silly addNameRange     '2.0.2',
87 silly addNameRange     '2.0.3',
87 silly addNameRange     '2.0.4',
87 silly addNameRange     '2.1.0-beta',
87 silly addNameRange     '2.1.0',
87 silly addNameRange     '2.1.1',
87 silly addNameRange     '2.2.0',
87 silly addNameRange     '2.3.0-beta.1',
87 silly addNameRange     '2.3.0',
87 silly addNameRange     '2.3.1',
87 silly addNameRange     '2.3.2',
87 silly addNameRange     '3.0.0',
87 silly addNameRange     '3.1.0' ] ]
88 silly cache add args [ 'gulp-sass', '^1.3.7' ]
89 verbose cache add spec gulp-sass@^1.3.7
90 silly cache add parsed spec Result {
90 silly cache add   raw: 'gulp-sass@^1.3.7',
90 silly cache add   scope: null,
90 silly cache add   name: 'gulp-sass',
90 silly cache add   rawSpec: '^1.3.7',
90 silly cache add   spec: '>=1.3.7 <2.0.0',
90 silly cache add   type: 'range' }
91 silly addNamed gulp-sass@>=1.3.7 <2.0.0
92 verbose addNamed ">=1.3.7 <2.0.0" is a valid semver range for gulp-sass
93 silly addNameRange { name: 'gulp-sass', range: '>=1.3.7 <2.0.0', hasData: false }
94 silly mapToRegistry name gulp-sass
95 silly mapToRegistry using default registry
96 silly mapToRegistry registry https://registry.npmjs.org/
97 silly mapToRegistry uri https://registry.npmjs.org/gulp-sass
98 verbose addNameRange registry:https://registry.npmjs.org/gulp-sass not in flight; fetching
99 http 304 https://registry.npmjs.org/gulp-autoprefixer
100 verbose headers { date: 'Mon, 23 Oct 2017 03:20:32 GMT',
100 verbose headers   via: '1.1 varnish',
100 verbose headers   'cache-control': 'max-age=300',
100 verbose headers   etag: 'W/"59ecb00f-9429"',
100 verbose headers   age: '0',
100 verbose headers   connection: 'keep-alive',
100 verbose headers   'x-served-by': 'cache-lax8624-LAX',
100 verbose headers   'x-cache': 'HIT',
100 verbose headers   'x-cache-hits': '1',
100 verbose headers   'x-timer': 'S1508728833.610706,VS0,VE172',
100 verbose headers   vary: 'Accept-Encoding, Accept' }
101 silly get cb [ 304,
101 silly get   { date: 'Mon, 23 Oct 2017 03:20:32 GMT',
101 silly get     via: '1.1 varnish',
101 silly get     'cache-control': 'max-age=300',
101 silly get     etag: 'W/"59ecb00f-9429"',
101 silly get     age: '0',
101 silly get     connection: 'keep-alive',
101 silly get     'x-served-by': 'cache-lax8624-LAX',
101 silly get     'x-cache': 'HIT',
101 silly get     'x-cache-hits': '1',
101 silly get     'x-timer': 'S1508728833.610706,VS0,VE172',
101 silly get     vary: 'Accept-Encoding, Accept' } ]
102 verbose etag https://registry.npmjs.org/gulp-autoprefixer from cache
103 verbose get saving gulp-autoprefixer to /home/epitaph64/.npm/registry.npmjs.org/gulp-autoprefixer/.cache.json
104 verbose get https://registry.npmjs.org/gulp-sass not expired, no request
105 silly addNameRange number 2 { name: 'gulp-sass', range: '>=1.3.7 <2.0.0', hasData: true }
106 silly addNameRange versions [ 'gulp-sass',
106 silly addNameRange   [ '0.1.0',
106 silly addNameRange     '0.2.1',
106 silly addNameRange     '0.2.2',
106 silly addNameRange     '0.2.3',
106 silly addNameRange     '0.3.0',
106 silly addNameRange     '0.4.0',
106 silly addNameRange     '0.4.1',
106 silly addNameRange     '0.5.0',
106 silly addNameRange     '0.5.1',
106 silly addNameRange     '0.5.2',
106 silly addNameRange     '0.6.0',
106 silly addNameRange     '0.7.0',
106 silly addNameRange     '0.7.1',
106 silly addNameRange     '0.7.2',
106 silly addNameRange     '0.7.3',
106 silly addNameRange     '1.0.0',
106 silly addNameRange     '1.1.0',
106 silly addNameRange     '1.2.0',
106 silly addNameRange     '1.2.1',
106 silly addNameRange     '1.2.2',
106 silly addNameRange     '1.2.3',
106 silly addNameRange     '1.2.4',
106 silly addNameRange     '1.3.0',
106 silly addNameRange     '1.3.1',
106 silly addNameRange     '1.3.2',
106 silly addNameRange     '1.3.3',
106 silly addNameRange     '2.0.0-alpha.1',
106 silly addNameRange     '2.0.0',
106 silly addNameRange     '2.0.2',
106 silly addNameRange     '2.0.3',
106 silly addNameRange     '2.0.4',
106 silly addNameRange     '2.1.0-beta',
106 silly addNameRange     '2.1.0',
106 silly addNameRange     '2.1.1',
106 silly addNameRange     '2.2.0',
106 silly addNameRange     '2.3.0-beta.1',
106 silly addNameRange     '2.3.0',
106 silly addNameRange     '2.3.1',
106 silly addNameRange     '2.3.2',
106 silly addNameRange     '3.0.0',
106 silly addNameRange     '3.1.0' ] ]
107 verbose stack Error: No compatible version found: gulp-sass@'>=1.3.7 <2.0.0'
107 verbose stack Valid install targets:
107 verbose stack 0.1.0, 0.2.1, 0.2.2, 0.2.3, 0.3.0, 0.4.0, 0.4.1, 0.5.0, 0.5.1, 0.5.2, 0.6.0, 0.7.0, 0.7.1, 0.7.2, 0.7.3, 1.0.0, 1.1.0, 1.2.0, 1.2.1, 1.2.2, 1.2.3, 1.2.4, 1.3.0, 1.3.1, 1.3.2, 1.3.3, 2.0.0-alpha.1, 2.0.0, 2.0.2, 2.0.3, 2.0.4, 2.1.0-beta, 2.1.0, 2.1.1, 2.2.0, 2.3.0-beta.1, 2.3.0, 2.3.1, 2.3.2, 3.0.0, 3.1.0
107 verbose stack
107 verbose stack     at installTargetsError (/usr/share/npm/lib/cache/add-named.js:292:12)
107 verbose stack     at next (/usr/share/npm/lib/cache/add-named.js:270:19)
107 verbose stack     at setData (/usr/share/npm/lib/cache/add-named.js:242:5)
107 verbose stack     at RES (/usr/share/npm/node_modules/inflight/inflight.js:23:14)
107 verbose stack     at f (/usr/share/npm/node_modules/once/once.js:17:25)
107 verbose stack     at fixName (/usr/share/npm/lib/cache/add-named.js:30:5)
107 verbose stack     at /usr/share/npm/lib/utils/pulse-till-done.js:19:8
107 verbose stack     at CachingRegistryClient.get_ (/usr/share/npm/lib/cache/caching-client.js:120:16)
107 verbose stack     at /usr/share/npm/lib/cache/caching-client.js:87:14
107 verbose stack     at /usr/share/npm/node_modules/graceful-fs/graceful-fs.js:76:16
108 verbose cwd /home/epitaph64/e64_github/e64.us
109 error Linux 4.4.0-96-generic
110 error argv "/usr/bin/nodejs" "/usr/bin/npm" "update"
111 error node v4.2.6
112 error npm  v3.5.2
113 error code ETARGET
114 error notarget No compatible version found: gulp-sass@'>=1.3.7 <2.0.0'
114 error notarget Valid install targets:
114 error notarget 0.1.0, 0.2.1, 0.2.2, 0.2.3, 0.3.0, 0.4.0, 0.4.1, 0.5.0, 0.5.1, 0.5.2, 0.6.0, 0.7.0, 0.7.1, 0.7.2, 0.7.3, 1.0.0, 1.1.0, 1.2.0, 1.2.1, 1.2.2, 1.2.3, 1.2.4, 1.3.0, 1.3.1, 1.3.2, 1.3.3, 2.0.0-alpha.1, 2.0.0, 2.0.2, 2.0.3, 2.0.4, 2.1.0-beta, 2.1.0, 2.1.1, 2.2.0, 2.3.0-beta.1, 2.3.0, 2.3.1, 2.3.2, 3.0.0, 3.1.0
115 error notarget This is most likely not a problem with npm itself.
115 error notarget In most cases you or one of your dependencies are requesting
115 error notarget a package version that doesn't exist.
116 verbose exit [ 1, true ]
